app/build/intermediates/manifest_merge_blame_file/debug/manifest-merger-blame-debug-report.txt
1<?xml version="1.0" encoding="utf-8"?>
2<manifest xmlns:android="http://schemas.android.com/apk/res/android"
3    package="com.raywenderlich.android.droidwiki"
4    android:versionCode="1"
5    android:versionName="1.0" >
6
7    <uses-sdk
8        android:minSdkVersion="21"
8-->src/main/AndroidManifest.xml
9        android:targetSdkVersion="26" />
9-->src/main/AndroidManifest.xml
10
11    <uses-permission android:name="android.permission.INTERNET" />
11-->src/main/AndroidManifest.xml:5:5-66
11-->src/main/AndroidManifest.xml:5:22-64
12
13    <application
13-->src/main/AndroidManifest.xml:7:5-25:19
14        android:name="com.raywenderlich.android.droidwiki.application.WikiApplication"
14-->src/main/AndroidManifest.xml:8:9-87
15        android:allowBackup="true"
15-->src/main/AndroidManifest.xml:9:9-35
16        android:debuggable="true"
17        android:icon="@mipmap/ic_launcher"
17-->src/main/AndroidManifest.xml:11:9-43
18        android:label="@string/app_name"
18-->src/main/AndroidManifest.xml:10:9-41
19        android:roundIcon="@mipmap/ic_launcher_round"
19-->src/main/AndroidManifest.xml:12:9-54
20        android:supportsRtl="true"
20-->src/main/AndroidManifest.xml:13:9-35
21        android:theme="@android:style/Theme.Material.Light.DarkActionBar" >
21-->src/main/AndroidManifest.xml:14:9-74
22        <activity
22-->src/main/AndroidManifest.xml:15:9-22:20
23            android:name="com.raywenderlich.android.droidwiki.ui.splashscreen.Splashscreen"
23-->src/main/AndroidManifest.xml:15:19-98
24            android:theme="@style/Splashscreen" >
24-->src/main/AndroidManifest.xml:16:13-48
25            <intent-filter>
25-->src/main/AndroidManifest.xml:17:13-21:29
26                <action android:name="android.intent.action.MAIN" />
26-->src/main/AndroidManifest.xml:18:17-69
26-->src/main/AndroidManifest.xml:18:25-66
27
28                <category android:name="android.intent.category.LAUNCHER" />
28-->src/main/AndroidManifest.xml:20:17-77
28-->src/main/AndroidManifest.xml:20:27-74
29            </intent-filter>
30        </activity>
31        <activity android:name="com.raywenderlich.android.droidwiki.ui.homepage.HomepageActivity" />
31-->src/main/AndroidManifest.xml:23:9-101
31-->src/main/AndroidManifest.xml:23:19-98
32        <activity android:name="com.raywenderlich.android.droidwiki.ui.search.SearchActivity" />
32-->src/main/AndroidManifest.xml:24:9-97
32-->src/main/AndroidManifest.xml:24:19-94
33
34        <meta-data
34-->[com.android.support:recyclerview-v7:26.1.0] AndroidManifest.xml:23:9-25:38
35            android:name="android.support.VERSION"
35-->[com.android.support:recyclerview-v7:26.1.0] AndroidManifest.xml:24:13-51
36            android:value="26.1.0" />
36-->[com.android.support:recyclerview-v7:26.1.0] AndroidManifest.xml:25:13-35
37        <meta-data
37-->[android.arch.lifecycle:runtime:1.0.0] AndroidManifest.xml:25:9-27:47
38            android:name="android.arch.lifecycle.VERSION"
38-->[android.arch.lifecycle:runtime:1.0.0] AndroidManifest.xml:26:13-58
39            android:value="27.0.0-SNAPSHOT" />
39-->[android.arch.lifecycle:runtime:1.0.0] AndroidManifest.xml:27:13-44
40    </application>
41
42</manifest>